[debug] [2019-04-20T18:42:37.792Z] ----------------------------------------------------------------------
[debug] [2019-04-20T18:42:37.795Z] Command:       C:\Program Files\nodejs\node.exe C:\Users\Manjot\AppData\Local\Yarn\Data\global\node_modules\firebase-tools\lib\bin\firebase.js serve --only functions
[debug] [2019-04-20T18:42:37.795Z] CLI Version:   6.0.1
[debug] [2019-04-20T18:42:37.795Z] Platform:      win32
[debug] [2019-04-20T18:42:37.795Z] Node Version:  v10.13.0
[debug] [2019-04-20T18:42:37.796Z] Time:          Sun Apr 21 2019 00:12:37 GMT+0530 (India Standard Time)
[debug] [2019-04-20T18:42:37.796Z] ----------------------------------------------------------------------
[debug] 
[debug] [2019-04-20T18:42:37.815Z] > command requires scopes: ["email","openid","https://www.googleapis.com/auth/cloudplatformprojects.readonly","https://www.googleapis.com/auth/firebase","https://www.googleapis.com/auth/cloud-platform"]
[debug] [2019-04-20T18:42:37.815Z] > authorizing via signed-in user
[debug] [2019-04-20T18:42:37.816Z] [iam] checking project portfoliovr-7b79e for permissions ["firebase.projects.get"]
[debug] [2019-04-20T18:42:37.818Z] > refreshing access token with scopes: ["email","https://www.googleapis.com/auth/cloud-platform","https://www.googleapis.com/auth/cloudplatformprojects.readonly","https://www.googleapis.com/auth/firebase","openid"]
[debug] [2019-04-20T18:42:37.818Z] >>> HTTP REQUEST POST https://www.googleapis.com/oauth2/v3/token  
 <request body omitted>
[debug] [2019-04-20T18:42:38.471Z] <<< HTTP RESPONSE 200
[debug] [2019-04-20T18:42:38.486Z] >>> HTTP REQUEST POST https://cloudresourcemanager.googleapis.com/v1/projects/portfoliovr-7b79e:testIamPermissions  

[debug] [2019-04-20T18:42:40.503Z] <<< HTTP RESPONSE 200
[debug] [2019-04-20T18:42:40.504Z] >>> HTTP REQUEST GET https://cloudresourcemanager.googleapis.com/v1/projects/portfoliovr-7b79e  
 
[debug] [2019-04-20T18:42:42.588Z] <<< HTTP RESPONSE 200
[info] 
[info] === Serving from 'Z:\projects\vrportfolio'...
[info] 
[info] i  functions: Preparing to emulate functions.
[debug] [2019-04-20T18:42:43.750Z] Fetching environment
[debug] [2019-04-20T18:42:43.753Z] >>> HTTP REQUEST GET https://mobilesdk-pa.googleapis.com/v1/projects/732039606025:getServerAppConfig  
 
[debug] [2019-04-20T18:42:44.694Z] <<< HTTP RESPONSE 200
[debug] [2019-04-20T18:42:44.694Z] Starting @google-cloud/functions-emulator
[debug] [2019-04-20T18:42:47.233Z] Parsing function triggers
[info] +  functions: api: http://localhost:5000/portfoliovr-7b79e/us-central1/api
